<?xml version="1.0" encoding="UTF-8"?>
<testng-results ignored="0" total="5" passed="5" failed="0" skipped="0">
  <reporter-output>
  </reporter-output>
  <suite started-at="2025-08-13T22:58:33 IST" name="Suite" finished-at="2025-08-13T22:59:17 IST" duration-ms="44278">
    <groups>
    </groups>
    <test started-at="2025-08-13T22:58:33 IST" name="Test" finished-at="2025-08-13T22:59:17 IST" duration-ms="44278">
      <class name="testingCodes.DemoLogin">
        <test-method is-config="true" signature="launchBrowser()[pri:0, instance:testingCodes.DemoLogin@217ed35e]" started-at="2025-08-13T22:58:52 IST" name="launchBrowser" finished-at="2025-08-13T22:58:54 IST" duration-ms="1575" status="PASS">
          <reporter-output>
          </reporter-output>
        </test-method> <!-- launchBrowser -->
        <test-method signature="loginUser()[pri:1, instance:testingCodes.DemoLogin@217ed35e]" started-at="2025-08-13T22:58:54 IST" name="loginUser" finished-at="2025-08-13T22:59:02 IST" duration-ms="8142" status="PASS">
          <reporter-output>
          </reporter-output>
        </test-method> <!-- loginUser -->
        <test-method is-config="true" signature="tearDown()[pri:0, instance:testingCodes.DemoLogin@217ed35e]" started-at="2025-08-13T22:59:02 IST" name="tearDown" finished-at="2025-08-13T22:59:02 IST" duration-ms="223" status="PASS">
          <reporter-output>
          </reporter-output>
        </test-method> <!-- tearDown -->
      </class> <!-- testingCodes.DemoLogin -->
      <class name="testingCodes.Annotations">
        <test-method is-config="true" signature="beforeSuite()[pri:0, instance:testingCodes.Annotations@3eb25e1a]" started-at="2025-08-13T22:58:33 IST" name="beforeSuite" finished-at="2025-08-13T22:58:33 IST" duration-ms="14" status="PASS">
          <reporter-output>
          </reporter-output>
        </test-method> <!-- beforeSuite -->
        <test-method is-config="true" signature="beforeTEST()[pri:0, instance:testingCodes.Annotations@3eb25e1a]" started-at="2025-08-13T22:58:33 IST" name="beforeTEST" finished-at="2025-08-13T22:58:33 IST" duration-ms="1" status="PASS">
          <reporter-output>
          </reporter-output>
        </test-method> <!-- beforeTEST -->
        <test-method is-config="true" signature="beforeClass()[pri:0, instance:testingCodes.Annotations@3eb25e1a]" started-at="2025-08-13T22:59:02 IST" name="beforeClass" finished-at="2025-08-13T22:59:11 IST" duration-ms="8831" status="PASS">
          <reporter-output>
          </reporter-output>
        </test-method> <!-- beforeClass -->
        <test-method is-config="true" signature="beforeMethod()[pri:0, instance:testingCodes.Annotations@3eb25e1a]" started-at="2025-08-13T22:59:11 IST" name="beforeMethod" finished-at="2025-08-13T22:59:12 IST" duration-ms="889" status="PASS">
          <reporter-output>
          </reporter-output>
        </test-method> <!-- beforeMethod -->
        <test-method signature="verifypage()[pri:1, instance:testingCodes.Annotations@3eb25e1a]" started-at="2025-08-13T22:59:12 IST" name="verifypage" finished-at="2025-08-13T22:59:12 IST" duration-ms="4" status="PASS">
          <reporter-output>
          </reporter-output>
        </test-method> <!-- verifypage -->
        <test-method is-config="true" signature="afterMethod()[pri:0, instance:testingCodes.Annotations@3eb25e1a]" started-at="2025-08-13T22:59:12 IST" name="afterMethod" finished-at="2025-08-13T22:59:13 IST" duration-ms="907" status="PASS">
          <reporter-output>
          </reporter-output>
        </test-method> <!-- afterMethod -->
        <test-method is-config="true" signature="beforeMethod()[pri:0, instance:testingCodes.Annotations@3eb25e1a]" started-at="2025-08-13T22:59:13 IST" name="beforeMethod" finished-at="2025-08-13T22:59:14 IST" duration-ms="1011" status="PASS">
          <reporter-output>
          </reporter-output>
        </test-method> <!-- beforeMethod -->
        <test-method signature="LoginTest()[pri:2, instance:testingCodes.Annotations@3eb25e1a]" started-at="2025-08-13T22:59:14 IST" name="LoginTest" finished-at="2025-08-13T22:59:16 IST" duration-ms="1891" status="PASS">
          <reporter-output>
          </reporter-output>
        </test-method> <!-- LoginTest -->
        <test-method is-config="true" signature="afterMethod()[pri:0, instance:testingCodes.Annotations@3eb25e1a]" started-at="2025-08-13T22:59:16 IST" name="afterMethod" finished-at="2025-08-13T22:59:17 IST" duration-ms="977" status="PASS">
          <reporter-output>
          </reporter-output>
        </test-method> <!-- afterMethod -->
        <test-method is-config="true" signature="afterClass()[pri:0, instance:testingCodes.Annotations@3eb25e1a]" started-at="2025-08-13T22:59:17 IST" name="afterClass" finished-at="2025-08-13T22:59:17 IST" duration-ms="264" status="PASS">
          <reporter-output>
          </reporter-output>
        </test-method> <!-- afterClass -->
        <test-method is-config="true" signature="afterTest()[pri:0, instance:testingCodes.Annotations@3eb25e1a]" started-at="2025-08-13T22:59:17 IST" name="afterTest" finished-at="2025-08-13T22:59:17 IST" duration-ms="0" status="PASS">
          <reporter-output>
          </reporter-output>
        </test-method> <!-- afterTest -->
        <test-method is-config="true" signature="afterSuite()[pri:0, instance:testingCodes.Annotations@3eb25e1a]" started-at="2025-08-13T22:59:17 IST" name="afterSuite" finished-at="2025-08-13T22:59:17 IST" duration-ms="8" status="PASS">
          <reporter-output>
          </reporter-output>
        </test-method> <!-- afterSuite -->
      </class> <!-- testingCodes.Annotations -->
      <class name="testingCodes.DemoWebshop">
        <test-method is-config="true" signature="launchBrowse()[pri:0, instance:testingCodes.DemoWebshop@3fc2959f]" started-at="2025-08-13T22:58:33 IST" name="launchBrowse" finished-at="2025-08-13T22:58:38 IST" duration-ms="5699" status="PASS">
          <reporter-output>
          </reporter-output>
        </test-method> <!-- launchBrowse -->
        <test-method signature="registerNewUser()[pri:1, instance:testingCodes.DemoWebshop@3fc2959f]" started-at="2025-08-13T22:58:38 IST" name="registerNewUser" finished-at="2025-08-13T22:58:47 IST" duration-ms="9216" status="PASS">
          <reporter-output>
          </reporter-output>
        </test-method> <!-- registerNewUser -->
        <test-method signature="launchGoogle()[pri:2, instance:testingCodes.DemoWebshop@3fc2959f]" started-at="2025-08-13T22:58:47 IST" name="launchGoogle" finished-at="2025-08-13T22:58:50 IST" duration-ms="2555" status="PASS">
          <reporter-output>
          </reporter-output>
        </test-method> <!-- launchGoogle -->
        <test-method is-config="true" signature="tearDown()[pri:0, instance:testingCodes.DemoWebshop@3fc2959f]" started-at="2025-08-13T22:58:50 IST" name="tearDown" finished-at="2025-08-13T22:58:52 IST" duration-ms="2018" status="PASS">
          <reporter-output>
          </reporter-output>
        </test-method> <!-- tearDown -->
      </class> <!-- testingCodes.DemoWebshop -->
    </test> <!-- Test -->
  </suite> <!-- Suite -->
</testng-results>
