<?xml version="1.0" encoding="UTF-8"?>
<!-- Generated by org.testng.reporters.JUnitXMLReporter -->
<testsuite ignored="0" hostname="harinijp" failures="0" tests="5" name="Test" time="44.278" errors="0" timestamp="2025-08-13T22:59:17 IST">
  <testcase classname="testingCodes.DemoWebshop" name="registerNewUser" time="9.216"/>
  <testcase classname="testingCodes.DemoWebshop" name="launchGoogle" time="2.555"/>
  <testcase classname="testingCodes.DemoLogin" name="loginUser" time="8.142"/>
  <testcase classname="testingCodes.Annotations" name="verifypage" time="0.004"/>
  <testcase classname="testingCodes.Annotations" name="LoginTest" time="1.891"/>
</testsuite> <!-- Test -->
